2021-10-14 09:22:25,237 CRIT Supervisor is running as root.  Privileges were not dropped because no user is specified in the config file.  If you intend to run as root, you can set user=root in the config file to avoid this message.
2021-10-14 09:22:25,239 WARN For [program:cron], redirect_stderr=true but stderr_logfile has also been set to a filename, the filename has been ignored
2021-10-14 09:22:25,246 INFO RPC interface 'supervisor' initialized
2021-10-14 09:22:25,259 INFO supervisord started with pid 1
2021-10-14 09:22:26,263 INFO spawned: 'apache' with pid 8
2021-10-14 09:22:26,268 INFO spawned: 'cron' with pid 9
2021-10-14 09:22:26,285 INFO spawned: 'queue_00' with pid 12
2021-10-14 09:22:26,313 INFO success: queue_00 entered RUNNING state, process has stayed up for > than 0 seconds (startsecs)
2021-10-14 09:22:27,315 INFO success: apache entered RUNNING state, process has stayed up for > than 1 seconds (startsecs)
2021-10-14 09:22:27,316 INFO success: cron entered RUNNING state, process has stayed up for > than 1 seconds (startsecs)
2021-10-14 19:33:17,610 CRIT Supervisor is running as root.  Privileges were not dropped because no user is specified in the config file.  If you intend to run as root, you can set user=root in the config file to avoid this message.
2021-10-14 19:33:17,613 WARN For [program:cron], redirect_stderr=true but stderr_logfile has also been set to a filename, the filename has been ignored
2021-10-14 19:33:17,649 INFO RPC interface 'supervisor' initialized
2021-10-14 19:33:17,659 INFO supervisord started with pid 1
2021-10-14 19:33:18,674 INFO spawned: 'apache' with pid 9
2021-10-14 19:33:18,682 INFO spawned: 'cron' with pid 10
2021-10-14 19:33:18,701 INFO spawned: 'queue_00' with pid 11
2021-10-14 19:33:18,935 INFO success: queue_00 entered RUNNING state, process has stayed up for > than 0 seconds (startsecs)
2021-10-14 19:33:19,936 INFO success: apache entered RUNNING state, process has stayed up for > than 1 seconds (startsecs)
2021-10-14 19:33:19,936 INFO success: cron entered RUNNING state, process has stayed up for > than 1 seconds (startsecs)
2021-10-14 19:47:32,051 CRIT Supervisor is running as root.  Privileges were not dropped because no user is specified in the config file.  If you intend to run as root, you can set user=root in the config file to avoid this message.
2021-10-14 19:47:32,052 WARN For [program:cron], redirect_stderr=true but stderr_logfile has also been set to a filename, the filename has been ignored
2021-10-14 19:47:32,068 INFO RPC interface 'supervisor' initialized
2021-10-14 19:47:32,079 INFO supervisord started with pid 1
2021-10-14 19:47:33,087 INFO spawned: 'apache' with pid 8
2021-10-14 19:47:33,090 INFO spawned: 'cron' with pid 9
2021-10-14 19:47:33,099 INFO spawned: 'queue_00' with pid 11
2021-10-14 19:47:33,219 INFO success: queue_00 entered RUNNING state, process has stayed up for > than 0 seconds (startsecs)
2021-10-14 19:47:34,221 INFO success: apache entered RUNNING state, process has stayed up for > than 1 seconds (startsecs)
2021-10-14 19:47:34,222 INFO success: cron entered RUNNING state, process has stayed up for > than 1 seconds (startsecs)
